<?xml version="1.0" encoding="UTF-8"?>
<testng-results ignored="0" total="1" passed="1" failed="0" skipped="0">
  <reporter-output>
    <line>
      <![CDATA[Stock-000000573     Stock-000000573]]>
    </line>
    <line>
      <![CDATA[Supplier-00000001542     Supplier-00000001542]]>
    </line>
    <line>
      <![CDATA[Customer-00000002684     Customer-00000002684]]>
    </line>
  </reporter-output>
  <suite started-at="2024-02-22T12:39:16 IST" name="Surefire suite" finished-at="2024-02-22T12:40:44 IST" duration-ms="87642">
    <groups>
    </groups>
    <test started-at="2024-02-22T12:39:16 IST" name="Surefire test" finished-at="2024-02-22T12:40:44 IST" duration-ms="87642">
      <class name="driverFactory.AppTest">
        <test-method signature="kickStart()[pri:0, instance:driverFactory.AppTest@10db82ae]" started-at="2024-02-22T12:39:17 IST" name="kickStart" finished-at="2024-02-22T12:40:44 IST" duration-ms="87488" status="PASS">
          <reporter-output>
            <line>
              <![CDATA[Stock-000000573     Stock-000000573]]>
            </line>
            <line>
              <![CDATA[Supplier-00000001542     Supplier-00000001542]]>
            </line>
            <line>
              <![CDATA[Customer-00000002684     Customer-00000002684]]>
            </line>
          </reporter-output>
        </test-method> <!-- kickStart -->
      </class> <!-- driverFactory.AppTest -->
    </test> <!-- Surefire test -->
  </suite> <!-- Surefire suite -->
</testng-results>
